<?xml version="1.0" encoding="UTF-8"?>
<!-- Generated by org.testng.reporters.JUnitXMLReporter -->
<testsuite ignored="1" hostname="MohanKota" failures="0" tests="1" name="Default test" time="8.187" errors="0" timestamp="2026-03-17T21:56:46 IST">
  <testcase classname="tests.LoginTest" name="testValidLogin" time="5.309"/>
  <testcase classname="tests.LoginTest" name="testValidLoginWithInvalidCredentials" time="0.0">
    <ignored/>
  </testcase> <!-- testValidLoginWithInvalidCredentials -->
</testsuite> <!-- Default test -->
