<?xml version="1.0" encoding="UTF-8"?>
<testng-results ignored="0" total="1" passed="1" failed="0" skipped="0">
  <reporter-output>
  </reporter-output>
  <suite started-at="2026-03-16T21:00:53 IST" name="LoginSuite" finished-at="2026-03-16T21:01:03 IST" duration-ms="10258">
    <groups>
    </groups>
    <test started-at="2026-03-16T21:00:53 IST" name="Logintests" finished-at="2026-03-16T21:01:03 IST" duration-ms="10258">
      <class name="tests.LoginTest">
        <test-method is-config="true" signature="setUp()[pri:0, instance:tests.LoginTest@18078bef]" started-at="2026-03-16T21:00:53 IST" name="setUp" finished-at="2026-03-16T21:00:56 IST" duration-ms="2944" status="PASS">
          <reporter-output>
          </reporter-output>
        </test-method> <!-- setUp -->
        <test-method signature="testValidLogin()[pri:0, instance:tests.LoginTest@18078bef]" started-at="2026-03-16T21:00:56 IST" name="testValidLogin" finished-at="2026-03-16T21:01:03 IST" duration-ms="6953" status="PASS">
          <reporter-output>
          </reporter-output>
        </test-method> <!-- testValidLogin -->
        <test-method is-config="true" signature="tearDown()[pri:0, instance:tests.LoginTest@18078bef]" started-at="2026-03-16T21:01:03 IST" name="tearDown" finished-at="2026-03-16T21:01:03 IST" duration-ms="307" status="PASS">
          <reporter-output>
          </reporter-output>
        </test-method> <!-- tearDown -->
      </class> <!-- tests.LoginTest -->
    </test> <!-- Logintests -->
  </suite> <!-- LoginSuite -->
</testng-results>
