<?xml version="1.0" encoding="UTF-8"?>
<testng-results ignored="1" total="2" passed="1" failed="0" skipped="0">
  <reporter-output>
  </reporter-output>
  <suite started-at="2026-03-17T21:56:37 IST" name="Default suite" finished-at="2026-03-17T21:56:46 IST" duration-ms="8187">
    <groups>
    </groups>
    <test started-at="2026-03-17T21:56:37 IST" name="Default test" finished-at="2026-03-17T21:56:46 IST" duration-ms="8187">
      <class name="tests.LoginTest">
        <test-method is-config="true" signature="setupReport()[pri:0, instance:tests.LoginTest@229f66ed]" started-at="2026-03-17T21:56:37 IST" name="setupReport" finished-at="2026-03-17T21:56:37 IST" duration-ms="172" status="PASS">
          <reporter-output>
          </reporter-output>
        </test-method> <!-- setupReport -->
        <test-method is-config="true" signature="setUp()[pri:0, instance:tests.LoginTest@229f66ed]" started-at="2026-03-17T21:56:37 IST" name="setUp" finished-at="2026-03-17T21:56:40 IST" duration-ms="2490" status="PASS">
          <reporter-output>
          </reporter-output>
        </test-method> <!-- setUp -->
        <test-method signature="testValidLogin()[pri:0, instance:tests.LoginTest@229f66ed]" started-at="2026-03-17T21:56:40 IST" name="testValidLogin" finished-at="2026-03-17T21:56:45 IST" duration-ms="5309" status="PASS">
          <reporter-output>
          </reporter-output>
        </test-method> <!-- testValidLogin -->
        <test-method is-config="true" signature="tearDown(org.testng.ITestResult)[pri:0, instance:tests.LoginTest@229f66ed]" started-at="2026-03-17T21:56:45 IST" name="tearDown" finished-at="2026-03-17T21:56:46 IST" duration-ms="365" status="PASS">
          <params>
            <param index="0">
              <value>
                <![CDATA[[TestResult name=testValidLogin status=SUCCESS method=LoginTest.testValidLogin()[pri:0, instance:tests.LoginTest@229f66ed] output={null}]]]>
              </value>
            </param>
          </params>
          <reporter-output>
          </reporter-output>
        </test-method> <!-- tearDown -->
        <test-method is-config="true" signature="teardownReport()[pri:0, instance:tests.LoginTest@229f66ed]" started-at="2026-03-17T21:56:46 IST" name="teardownReport" finished-at="2026-03-17T21:56:46 IST" duration-ms="163" status="PASS">
          <reporter-output>
          </reporter-output>
        </test-method> <!-- teardownReport -->
      </class> <!-- tests.LoginTest -->
    </test> <!-- Default test -->
  </suite> <!-- Default suite -->
</testng-results>
