<?xml version="1.0" encoding="UTF-8"?>
<!-- Generated by org.testng.reporters.JUnitXMLReporter -->
<testsuite ignored="0" hostname="MohanKota" failures="1" tests="1" name="LoginTests" time="8.465" errors="0" timestamp="2026-03-23T21:12:37 IST">
  <testcase classname="tests.LoginTest" name="testValidLogin" time="5.602">
    <failure type="java.lang.AssertionError" message="expected [Just a moment...] but found [nopCommerce demo store. Login]">
      <![CDATA[java.lang.AssertionError: expected [Just a moment...] but found [nopCommerce demo store. Login]
at tests.LoginTest.testValidLogin(LoginTest.java:69)
at java.base/java.util.ArrayList.forEach(ArrayList.java:1596)
... Removed 31 stack frames]]>
    </failure>
  </testcase> <!-- testValidLogin -->
</testsuite> <!-- LoginTests -->
